2018-09-21 17:28:44,044 - query_processor - INFO - Processing Queries Module...
2018-09-21 17:28:44,046 - query_processor - INFO - Reading /home/thabata/Documents/MIT/Bloco_D/Projeto_M1_Bl_D/1-DATA/cfquery.xml file...
2018-09-21 17:28:44,108 - query_processor - INFO - 99 queries read succesfully in 0.06215333938598633 s.
2018-09-21 17:28:44,108 - query_processor - INFO - Tokenizing documents...
2018-09-21 17:28:44,136 - query_processor - INFO - 99 records tokenized succesfully in 0.027073144912719727 s.
2018-09-21 17:28:44,136 - query_processor - INFO - All 99 queries read and tokenized successfully in 0.0920863151550293 s
2018-09-21 17:28:44,136 - query_processor - INFO - Writing Queries on file...
2018-09-21 17:28:44,137 - query_processor - INFO - Writing Expected Results on file...
2018-09-21 17:28:44,139 - query_processor - INFO - Write operation finished with 0.0920863151550293 s
2018-09-21 17:28:44,139 - query_processor - INFO - End of Query Processor Module. Total of 0.09529328346252441 elapsed.
2018-09-21 17:37:23,276 - query_processor - INFO - Processing Queries Module...
2018-09-21 17:37:23,277 - query_processor - INFO - Reading /home/thabata/Documents/MIT/Bloco_D/Projeto_M1_Bl_D/1-DATA/cfquery.xml file...
2018-09-21 17:37:23,339 - query_processor - INFO - 99 queries read succesfully in 0.061243295669555664 s.
2018-09-21 17:37:23,339 - query_processor - INFO - Tokenizing documents...
2018-09-21 17:37:23,366 - query_processor - INFO - 99 records tokenized succesfully in 0.026851177215576172 s.
2018-09-21 17:37:23,366 - query_processor - INFO - All 99 queries read and tokenized successfully in 0.09085583686828613 s
2018-09-21 17:37:23,367 - query_processor - INFO - Writing Queries on file...
2018-09-21 17:37:23,367 - query_processor - INFO - Writing Expected Results on file...
2018-09-21 17:37:23,369 - query_processor - INFO - Write operation finished with 0.002826213836669922 s
2018-09-21 17:37:23,370 - query_processor - INFO - End of Query Processor Module. Total of 0.0939626693725586 elapsed.
